c:\roman\c++\ood\drawpictures\drawpictures\x64\debug\vc143.pdb
c:\roman\c++\ood\drawpictures\drawpictures\x64\debug\vc143.idb
c:\roman\c++\ood\drawpictures\drawpictures\x64\debug\shapes.obj
c:\roman\c++\ood\drawpictures\drawpictures\x64\debug\main.obj
c:\roman\c++\ood\drawpictures\drawpictures\x64\debug\triangle.obj
c:\roman\c++\ood\drawpictures\drawpictures\x64\debug\text.obj
c:\roman\c++\ood\drawpictures\drawpictures\x64\debug\shapesdrawingstrategy.obj
c:\roman\c++\ood\drawpictures\drawpictures\x64\debug\shape.obj
c:\roman\c++\ood\drawpictures\drawpictures\x64\debug\rectangle.obj
c:\roman\c++\ood\drawpictures\drawpictures\x64\debug\line.obj
c:\roman\c++\ood\drawpictures\drawpictures\x64\debug\circle.obj
c:\roman\c++\ood\drawpictures\drawpictures\x64\debug\canvas.obj
c:\roman\c++\ood\drawpictures\drawpictures\x64\debug\idrawingstrategy.obj
c:\roman\c++\ood\drawpictures\drawpictures\x64\debug\ellipseshape.obj
c:\roman\c++\ood\drawpictures\drawpictures\x64\debug\drawpictures.obj
c:\roman\c++\ood\drawpictures\x64\debug\drawpictures.exe
c:\roman\c++\ood\drawpictures\drawpictures\x64\debug\drawpictures.ilk
c:\roman\c++\ood\drawpictures\x64\debug\drawpictures.pdb
c:\roman\c++\ood\drawpictures\drawpictures\x64\debug\idrawingstrategy.h.module.json
c:\roman\c++\ood\drawpictures\drawpictures\x64\debug\idrawingstrategy.h.obj
c:\roman\c++\ood\drawpictures\drawpictures\x64\debug\drawpictures.tlog\cl.command.1.tlog
c:\roman\c++\ood\drawpictures\drawpictures\x64\debug\drawpictures.tlog\cl.read.1.tlog
c:\roman\c++\ood\drawpictures\drawpictures\x64\debug\drawpictures.tlog\cl.write.1.tlog
c:\roman\c++\ood\drawpictures\drawpictures\x64\debug\drawpictures.tlog\link.command.1.tlog
c:\roman\c++\ood\drawpictures\drawpictures\x64\debug\drawpictures.tlog\link.read.1.tlog
c:\roman\c++\ood\drawpictures\drawpictures\x64\debug\drawpictures.tlog\link.write.1.tlog
c:\roman\c++\ood\drawpictures\drawpictures\x64\debug\drawpictures_md.tlog\cl.command.1.tlog
c:\roman\c++\ood\drawpictures\drawpictures\x64\debug\drawpictures_md.tlog\microsoft.build.cpptasks.cl.read.1.tlog
c:\roman\c++\ood\drawpictures\drawpictures\x64\debug\drawpictures_md.tlog\microsoft.build.cpptasks.cl.write.1.tlog
